[2016-06-06 12:32:40 | Notice ]Undefined index: name # In D:\workspace\sso\auth\controller\indexController.php(Line 18)
[2016-06-06 12:32:40 | Notice ]Undefined index: name # In D:\workspace\sso\auth\controller\indexController.php(Line 18)
[2016-06-06 12:32:41 | Notice ]Undefined index: name # In D:\workspace\sso\auth\controller\indexController.php(Line 18)
[2016-06-09 12:36:05 | Notice ]Undefined index: name # In D:\workspace\sso\auth\controller\indexController.php(Line 18)
[2016-06-09 12:37:11 | Notice ] # In (Line )
[2016-06-09 12:37:12 | Notice ] # In (Line )
[2016-06-09 12:37:12 | Notice ] # In (Line )
[2016-06-09 12:37:44 | Notice ] # In (Line )
[2016-06-09 12:40:55 | Error ]Class 'adminIndexController' not found # In D:\workspace\sso\auth\libs\router.php(Line 55)
[2016-06-09 12:41:23 | Error ]Class 'adminIndexController' not found # In D:\workspace\sso\auth\libs\router.php(Line 55)
[2016-06-09 12:41:24 | Error ]Class 'adminIndexController' not found # In D:\workspace\sso\auth\libs\router.php(Line 55)
[2016-06-09 12:41:25 | Error ]Class 'adminIndexController' not found # In D:\workspace\sso\auth\libs\router.php(Line 55)
[2016-06-09 12:41:52 | Notice ] # In (Line )
[2016-06-09 12:41:52 | Notice ] # In (Line )
[2016-06-09 12:41:52 | Notice ] # In (Line )
[2016-06-09 12:41:52 | Notice ] # In (Line )
[2016-06-09 12:41:52 | Notice ] # In (Line )
[2016-06-09 12:41:52 | Notice ] # In (Line )
[2016-06-09 12:41:52 | Notice ] # In (Line )
[2016-06-09 12:41:52 | Notice ] # In (Line )
[2016-06-09 12:41:52 | Notice ] # In (Line )
[2016-06-09 12:41:52 | Notice ] # In (Line )
[2016-06-09 12:41:52 | Notice ] # In (Line )
[2016-06-09 12:41:52 | Notice ] # In (Line )
[2016-06-09 12:43:37 | Notice ] # In (Line )
[2016-06-09 12:43:41 | Notice ] # In (Line )
[2016-06-09 12:44:16 | Notice ] # In (Line )
[2016-06-09 12:45:08 | Notice ] # In (Line )
[2016-06-09 12:49:07 | Notice ] # In (Line )
[2016-06-09 12:59:04 | Notice ] # In (Line )
[2016-06-09 01:00:15 | Notice ] # In (Line )
[2016-06-09 01:00:45 | Notice ] # In (Line )
[2016-06-09 01:00:56 | Notice ] # In (Line )
[2016-06-09 01:01:09 | Notice ] # In (Line )
[2016-06-09 01:01:24 | Notice ] # In (Line )
[2016-06-09 01:01:33 | Notice ] # In (Line )
[2016-06-09 01:02:21 | Notice ] # In (Line )
[2016-06-09 01:03:25 | Notice ] # In (Line )
[2016-06-09 01:03:58 | Notice ] # In (Line )
[2016-06-09 01:03:59 | Notice ] # In (Line )
[2016-06-09 01:04:09 | Notice ] # In (Line )
[2016-06-09 01:04:39 | Notice ] # In (Line )
[2016-06-09 01:05:21 | Notice ] # In (Line )
[2016-06-09 01:05:32 | Notice ] # In (Line )
[2016-06-09 04:35:44 | Notice ] # In (Line )
[2016-06-09 04:35:45 | Notice ] # In (Line )
[2016-06-09 04:35:47 | Notice ] # In (Line )
[2016-06-09 05:46:26 | Notice ] # In (Line )
[2016-06-09 05:46:28 | Notice ] # In (Line )
[2016-06-09 05:46:46 | Notice ] # In (Line )
[2016-06-09 06:11:19 | Notice ] # In (Line )
[2016-06-09 06:11:20 | Notice ] # In (Line )
[2016-06-09 06:11:45 | Notice ] # In (Line )
[2016-06-09 06:12:47 | Notice ] # In (Line )
[2016-06-09 06:13:14 | Notice ] # In (Line )
[2016-06-09 06:14:11 | Notice ] # In (Line )
[2016-06-09 06:18:11 | Notice ] # In (Line )
[2016-06-09 06:18:39 | Notice ] # In (Line )
[2016-06-09 06:19:29 | Notice ] # In (Line )
[2016-06-09 06:19:58 | Notice ] # In (Line )
[2016-06-09 06:20:06 | Notice ] # In (Line )
[2016-06-09 06:20:58 | Notice ] # In (Line )
[2016-06-09 06:24:57 | Notice ] # In (Line )
[2016-06-09 06:26:52 | Notice ] # In (Line )
[2016-06-09 06:27:16 | Notice ] # In (Line )
[2016-06-09 06:30:28 | Notice ] # In (Line )
[2016-06-10 08:07:30 | Notice ] # In (Line )
[2016-06-10 08:10:53 | Notice ] # In (Line )
[2016-06-10 08:12:01 | Notice ] # In (Line )
[2016-06-10 08:13:05 | Notice ] # In (Line )
[2016-06-10 08:13:51 | Notice ] # In (Line )
[2016-06-10 08:16:34 | Notice ] # In (Line )
[2016-06-10 08:16:55 | Notice ] # In (Line )
[2016-06-10 08:24:48 | Notice ] # In (Line )
[2016-06-10 08:28:57 | Notice ] # In (Line )
[2016-06-10 08:30:10 | Notice ] # In (Line )
[2016-06-10 08:30:53 | Notice ] # In (Line )
[2016-06-10 08:31:45 | Notice ] # In (Line )
[2016-06-10 08:31:47 | Notice ] # In (Line )
[2016-06-10 08:31:51 | Notice ] # In (Line )
[2016-06-10 08:31:59 | Notice ] # In (Line )
[2016-06-10 08:32:02 | Notice ] # In (Line )
[2016-06-10 08:32:38 | Notice ] # In (Line )
[2016-06-10 08:32:40 | Notice ] # In (Line )
[2016-06-10 08:32:44 | Notice ] # In (Line )
[2016-06-10 08:32:48 | Notice ] # In (Line )
[2016-06-12 05:47:07 | Notice ] # In (Line )
[2016-06-12 05:47:26 | Notice ] # In (Line )
[2016-06-12 05:47:51 | Notice ] # In (Line )
[2016-06-12 05:48:33 | Notice ] # In (Line )
[2016-06-12 05:50:25 | Notice ] # In (Line )
[2016-06-12 05:51:20 | Notice ] # In (Line )
[2016-06-12 05:51:35 | Notice ] # In (Line )
[2016-06-12 05:51:48 | Notice ] # In (Line )
[2016-06-12 05:52:10 | Notice ] # In (Line )
[2016-06-12 05:52:47 | Notice ] # In (Line )
[2016-06-12 05:52:59 | Notice ] # In (Line )
[2016-06-12 07:38:08 | Notice ] # In (Line )
[2016-06-12 07:38:15 | Notice ] # In (Line )
[2016-06-12 02:14:34 | Notice ] # In (Line )
[2016-06-12 02:21:24 | Notice ] # In (Line )
[2016-06-12 02:21:27 | Notice ]Trying to get property of non-object # In D:\workspace\sso\auth\libs\ext\compile\26fa9b1b36e88955ab451c4c790f0bed946411a3_0.file.error.html.php(Line 63)
[2016-06-12 02:25:26 | Notice ] # In (Line )
[2016-06-12 02:25:50 | Notice ] # In (Line )
[2016-06-12 02:27:16 | Notice ] # In (Line )
[2016-06-12 02:27:40 | Notice ] # In (Line )
[2016-06-12 02:27:56 | Notice ] # In (Line )
[2016-06-12 02:27:59 | Notice ] # In (Line )
[2016-06-12 02:28:23 | Notice ] # In (Line )
[2016-06-12 02:29:02 | Notice ] # In (Line )
[2016-06-12 02:29:17 | Notice ] # In (Line )
[2016-06-12 02:29:21 | Notice ] # In (Line )
[2016-06-12 02:29:24 | Notice ] # In (Line )
[2016-06-12 02:29:38 | Notice ] # In (Line )
[2016-06-12 02:29:42 | Notice ] # In (Line )
[2016-06-12 02:49:27 | Notice ]Undefined index: remember # In D:\workspace\sso\auth\controller\admin\adminIndexController.php(Line 23)
[2016-06-12 02:50:22 | Notice ]Use of undefined constant remember - assumed 'remember' # In D:\workspace\sso\auth\controller\admin\adminIndexController.php(Line 34)
[2016-06-12 02:50:28 | Notice ] # In (Line )
[2016-06-12 02:50:31 | Notice ]Use of undefined constant remember - assumed 'remember' # In D:\workspace\sso\auth\controller\admin\adminIndexController.php(Line 34)
[2016-06-12 02:50:48 | Notice ] # In (Line )
[2016-06-12 02:51:30 | Notice ]Use of undefined constant remember - assumed 'remember' # In D:\workspace\sso\auth\controller\admin\adminIndexController.php(Line 34)
[2016-06-12 02:51:32 | Notice ] # In (Line )
[2016-06-12 02:51:33 | Notice ] # In (Line )
[2016-06-12 02:51:36 | Notice ]Use of undefined constant remember - assumed 'remember' # In D:\workspace\sso\auth\controller\admin\adminIndexController.php(Line 34)
[2016-06-12 02:51:38 | Notice ] # In (Line )
[2016-06-12 02:51:41 | Notice ]Use of undefined constant remember - assumed 'remember' # In D:\workspace\sso\auth\controller\admin\adminIndexController.php(Line 34)
[2016-06-12 02:52:50 | Notice ] # In (Line )
[2016-06-12 02:52:53 | Notice ] # In (Line )
[2016-06-12 02:53:03 | Notice ] # In (Line )
[2016-06-12 02:53:06 | Notice ] # In (Line )
[2016-06-12 05:54:37 | Notice ] # In (Line )
[2016-06-12 05:54:40 | Notice ] # In (Line )
[2016-06-12 05:54:45 | Notice ] # In (Line )
[2016-06-12 05:55:58 | Notice ]Trying to get property of non-object # In D:\workspace\sso\auth\libs\ext\compile\889af4233b6739dcf9f62233469cb2d06780c2d9_0.file.admin-index.html.php(Line 61)
[2016-06-12 05:56:56 | Notice ] # In (Line )
[2016-06-12 06:00:14 | Notice ] # In (Line )
[2016-06-12 06:01:24 | Notice ] # In (Line )
[2016-06-12 06:01:49 | Notice ] # In (Line )
[2016-06-12 06:16:14 | Notice ] # In (Line )
[2016-06-12 06:16:14 | Notice ] # In (Line )
[2016-06-12 06:16:25 | Notice ] # In (Line )
[2016-06-12 06:16:28 | Notice ] # In (Line )
[2016-06-12 06:16:28 | Warning ]Illegal string offset 'name' # In D:\workspace\sso\auth\libs\ext\compile\889af4233b6739dcf9f62233469cb2d06780c2d9_0.file.admin-index.html.php(Line 61)
[2016-06-12 06:18:09 | Notice ] # In (Line )
[2016-06-12 06:21:02 | Notice ] # In (Line )
[2016-06-12 06:21:28 | Notice ] # In (Line )
[2016-06-12 06:21:58 | Notice ] # In (Line )
[2016-06-12 06:22:00 | Notice ] # In (Line )
[2016-06-12 06:22:01 | Notice ] # In (Line )
[2016-06-12 06:22:55 | Notice ] # In (Line )
[2016-06-12 06:25:10 | Notice ] # In (Line )
[2016-06-12 06:25:40 | Notice ] # In (Line )
[2016-06-12 06:26:19 | Notice ] # In (Line )
[2016-06-12 06:32:01 | Notice ] # In (Line )
[2016-06-12 06:32:53 | Notice ] # In (Line )
[2016-06-12 06:33:56 | Notice ] # In (Line )
[2016-06-12 06:33:56 | Notice ] # In (Line )
[2016-06-12 06:34:05 | Notice ] # In (Line )
[2016-06-12 06:34:05 | Notice ] # In (Line )
[2016-06-12 06:34:08 | Notice ] # In (Line )
[2016-06-12 06:34:08 | Notice ] # In (Line )
[2016-06-15 07:11:51 | Notice ] # In (Line )
[2016-06-15 07:12:13 | Notice ] # In (Line )
[2016-06-15 07:12:16 | Notice ] # In (Line )
[2016-06-15 07:12:16 | Notice ] # In (Line )
[2016-06-15 07:12:27 | Notice ] # In (Line )
[2016-06-15 07:15:53 | Notice ] # In (Line )
[2016-06-15 07:15:53 | Notice ] # In (Line )
[2016-06-15 07:16:02 | Notice ] # In (Line )
[2016-06-15 07:16:05 | Notice ] # In (Line )
[2016-06-15 07:16:06 | Notice ] # In (Line )
[2016-06-15 07:16:07 | Notice ] # In (Line )
[2016-06-15 07:16:08 | Notice ] # In (Line )
[2016-06-15 07:17:00 | Notice ] # In (Line )
[2016-06-15 07:17:00 | Notice ] # In (Line )
[2016-08-11 09:52:22 | Notice ] # In (Line )
[2016-08-11 09:52:24 | Notice ] # In (Line )
[2016-08-11 09:52:43 | Notice ] # In (Line )
[2016-08-11 09:52:45 | Notice ] # In (Line )
[2016-08-11 09:52:45 | Notice ] # In (Line )
[2016-08-11 09:53:09 | Notice ] # In (Line )
[2016-08-11 09:54:01 | Notice ] # In (Line )
[2016-08-11 09:54:02 | Notice ] # In (Line )
[2016-08-11 09:55:40 | Notice ] # In (Line )
[2016-08-11 09:55:41 | Notice ] # In (Line )
[2016-08-11 09:55:42 | Notice ] # In (Line )
[2016-08-11 09:56:23 | Notice ] # In (Line )
[2016-08-11 09:56:24 | Notice ] # In (Line )
[2016-08-11 09:58:01 | Notice ] # In (Line )
[2016-08-11 09:58:01 | Notice ] # In (Line )
[2016-08-11 09:58:47 | Notice ] # In (Line )
[2016-08-11 09:58:48 | Notice ] # In (Line )
[2016-08-11 09:58:52 | Notice ] # In (Line )
[2016-08-11 09:58:55 | Notice ] # In (Line )
[2016-08-11 10:00:09 | Notice ] # In (Line )
[2016-08-11 10:00:09 | Notice ] # In (Line )
[2016-08-11 10:00:10 | Notice ] # In (Line )
[2016-08-11 10:00:10 | Notice ] # In (Line )
[2016-08-11 10:01:15 | Notice ] # In (Line )
[2016-08-11 10:01:15 | Notice ] # In (Line )
[2016-08-11 10:01:16 | Notice ] # In (Line )
[2016-08-11 10:01:16 | Notice ] # In (Line )
[2016-08-11 10:02:10 | Notice ] # In (Line )
[2016-08-11 10:02:12 | Notice ] # In (Line )
[2016-08-11 10:02:13 | Notice ] # In (Line )
[2016-08-11 10:02:33 | Notice ] # In (Line )
[2016-08-11 10:03:06 | Notice ]Undefined index: $className # In D:\myGitHub\simple-MVC-frame\libs\router.php(Line 21)
[2016-08-11 10:03:26 | Notice ] # In (Line )
[2016-08-11 10:03:36 | Notice ] # In (Line )
[2016-08-11 10:03:40 | Notice ] # In (Line )
[2016-08-11 10:03:40 | Notice ] # In (Line )
[2016-08-11 10:06:37 | Notice ] # In (Line )
[2016-08-11 10:06:38 | Notice ] # In (Line )
[2016-08-11 10:06:38 | Notice ] # In (Line )
[2016-08-11 10:06:39 | Notice ] # In (Line )
